<?xml version="1.0" encoding="UTF-8"?>
<testsuite xmlns:xsi="http://www.w3.org/2001/XMLSchema-instance" xsi:noNamespaceSchemaLocation="https://maven.apache.org/surefire/maven-surefire-plugin/xsd/surefire-test-report-3.0.xsd" version="3.0" name="gr.aueb.elearn.teacherapp.service.EmployeeServiceTest" time="0.191" tests="2" errors="0" skipped="0" failures="0">
  <properties>
[...]
</properties>
  <testcase name="testUpdateEmployee" classname="gr.aueb.elearn.teacherapp.service.EmployeeServiceTest" time="0.093"/>
  <testcase name="testInsertEmployee" classname="gr.aueb.elearn.teacherapp.service.EmployeeServiceTest" time="0.004"/>
</testsuite>